[2026-04-14T16:41:53.455Z] drop key=hqID old=0 new=null
[2026-04-14T16:41:53.456Z] drop key=baseID old=0 new=null
[2026-04-14T16:41:53.456Z] send sid=26642773444305 keys=["charid","corpid","genderID","bloodlineID","raceID","schoolID","factionid","stationid","stationid2","solarsystemid2","constellationid","regionid","shipid","locationid","corpAccountKey","role","corprole","rolesAtAll","rolesAtBase","rolesAtHQ","rolesAtOther"] payload=[["charid",[null,140000227]],["corpid",[null,1000060]],["genderID",[null,1]],["bloodlineID",[null,14]],["raceID",[null,2]],["schoolID",[null,15]],["factionid",[null,500002]],["stationid",[null,60015249]],["stationid2",[null,60015249]],["solarsystemid2",[null,30100032]],["constellationid",[null,20010001]],["regionid",[null,10001004]],["shipid",[null,2990006344]],["locationid",[null,60015249]],["corpAccountKey",[null,1000]],["role",[null,"7348784299939993600"]],["corprole",[null,"0"]],["rolesAtAll",[null,"0"]],["rolesAtBase",[null,"0"]],["rolesAtHQ",[null,"0"]],["rolesAtOther",[null,"0"]]]
[2026-04-14T16:42:14.067Z] send sid=26642773444305 keys=["stationid","stationid2","solarsystemid","locationid"] payload=[["stationid",[60015249,null]],["stationid2",[60015249,null]],["solarsystemid",[null,30100032]],["locationid",[60015249,30100032]]]
[2026-04-14T16:42:26.683Z] send sid=0 keys=["shipid"] payload=[["shipid",[2990006344,2990006348]]]
[2026-04-14T16:42:27.307Z] send sid=26642773444305 keys=["stationid","stationid2","solarsystemid","shipid","locationid"] payload=[["stationid",[null,60015249]],["stationid2",[null,60015249]],["solarsystemid",[30100032,null]],["shipid",[2990006348,2990006351]],["locationid",[30100032,60015249]]]
[2026-04-14T16:42:27.361Z] send sid=26642773444305 keys=["shipid"] payload=[["shipid",[2990006351,2990006352]]]
[2026-04-14T16:52:50.535Z] drop key=hqID old=0 new=null
[2026-04-14T16:52:50.536Z] drop key=baseID old=0 new=null
[2026-04-14T16:52:50.537Z] send sid=26642781761700 keys=["charid","corpid","genderID","bloodlineID","raceID","schoolID","factionid","stationid","stationid2","solarsystemid2","constellationid","regionid","shipid","locationid","corpAccountKey","role","corprole","rolesAtAll","rolesAtBase","rolesAtHQ","rolesAtOther"] payload=[["charid",[null,140000228]],["corpid",[null,1000080]],["genderID",[null,1]],["bloodlineID",[null,13]],["raceID",[null,4]],["schoolID",[null,12]],["factionid",[null,500003]],["stationid",[null,60015249]],["stationid2",[null,60015249]],["solarsystemid2",[null,30100032]],["constellationid",[null,20010001]],["regionid",[null,10001004]],["shipid",[null,2990006600]],["locationid",[null,60015249]],["corpAccountKey",[null,1000]],["role",[null,"7348784299939993600"]],["corprole",[null,"0"]],["rolesAtAll",[null,"0"]],["rolesAtBase",[null,"0"]],["rolesAtHQ",[null,"0"]],["rolesAtOther",[null,"0"]]]
[2026-04-14T16:55:34.794Z] send sid=26642781761700 keys=["stationid","stationid2","solarsystemid","locationid"] payload=[["stationid",[60015249,null]],["stationid2",[60015249,null]],["solarsystemid",[null,30100032]],["locationid",[60015249,30100032]]]
[2026-04-14T16:55:50.888Z] send sid=0 keys=["shipid"] payload=[["shipid",[2990006600,2990006604]]]
[2026-04-14T17:05:07.146Z] drop key=hqID old=0 new=60015249
[2026-04-14T17:05:07.146Z] drop key=baseID old=0 new=60015249
[2026-04-14T17:05:07.147Z] send sid=26642794434630 keys=["charid","corpid","genderID","bloodlineID","raceID","schoolID","factionid","stationid","stationid2","solarsystemid2","constellationid","regionid","shipid","locationid","corpAccountKey","role","corprole","rolesAtAll","rolesAtBase","rolesAtHQ","rolesAtOther"] payload=[["charid",[null,140000228]],["corpid",[null,1000080]],["genderID",[null,1]],["bloodlineID",[null,13]],["raceID",[null,4]],["schoolID",[null,12]],["factionid",[null,500003]],["stationid",[null,60015249]],["stationid2",[null,60015249]],["solarsystemid2",[null,30100032]],["constellationid",[null,20010001]],["regionid",[null,10001004]],["shipid",[null,2990006608]],["locationid",[null,60015249]],["corpAccountKey",[null,1000]],["role",[null,"7348784299939993600"]],["corprole",[null,"0"]],["rolesAtAll",[null,"0"]],["rolesAtBase",[null,"0"]],["rolesAtHQ",[null,"0"]],["rolesAtOther",[null,"0"]]]
[2026-04-14T17:05:17.867Z] send sid=26642794434630 keys=["stationid","stationid2","solarsystemid","locationid"] payload=[["stationid",[60015249,null]],["stationid2",[60015249,null]],["solarsystemid",[null,30100032]],["locationid",[60015249,30100032]]]
[2026-04-14T17:05:36.918Z] send sid=0 keys=["shipid"] payload=[["shipid",[2990006608,2990006728]]]
[2026-04-14T17:05:37.640Z] send sid=26642794434630 keys=["stationid","stationid2","solarsystemid","shipid","locationid"] payload=[["stationid",[null,60015249]],["stationid2",[null,60015249]],["solarsystemid",[30100032,null]],["shipid",[2990006728,2990006732]],["locationid",[30100032,60015249]]]
[2026-04-14T17:06:35.991Z] drop key=hqID old=null new=60015249
[2026-04-14T17:06:35.991Z] drop key=baseID old=null new=60015249
[2026-04-14T17:06:35.991Z] send sid=26642794434630 keys=["charid","corpid","genderID","bloodlineID","raceID","schoolID","factionid","stationid","stationid2","solarsystemid2","constellationid","regionid","shipid","locationid","corpAccountKey","role"] payload=[["charid",[null,140000227]],["corpid",[null,1000060]],["genderID",[null,1]],["bloodlineID",[null,14]],["raceID",[null,2]],["schoolID",[null,15]],["factionid",[null,500002]],["stationid",[null,60015249]],["stationid2",[null,60015249]],["solarsystemid2",[null,30100032]],["constellationid",[null,20010001]],["regionid",[null,10001004]],["shipid",[null,2990006352]],["locationid",[null,60015249]],["corpAccountKey",[null,1000]],["role",[null,"7348784299939993600"]]]
[2026-04-14T17:06:46.466Z] send sid=26642794434630 keys=["stationid","stationid2","solarsystemid","locationid"] payload=[["stationid",[60015249,null]],["stationid2",[60015249,null]],["solarsystemid",[null,30100032]],["locationid",[60015249,30100032]]]
[2026-04-14T17:06:51.984Z] send sid=0 keys=["shipid"] payload=[["shipid",[2990006352,2990006736]]]
[2026-04-14T17:07:20.422Z] send sid=26642794434630 keys=["stationid","stationid2","solarsystemid","shipid","locationid"] payload=[["stationid",[null,60015249]],["stationid2",[null,60015249]],["solarsystemid",[30100032,null]],["shipid",[2990006736,2990006740]],["locationid",[30100032,60015249]]]
[2026-04-14T17:08:49.833Z] send sid=26642794434630 keys=["stationid","stationid2","solarsystemid","locationid"] payload=[["stationid",[60015249,null]],["stationid2",[60015249,null]],["solarsystemid",[null,30100032]],["locationid",[60015249,30100032]]]
[2026-04-14T17:18:05.771Z] drop key=hqID old=0 new=null
[2026-04-14T17:18:05.772Z] drop key=baseID old=0 new=null
[2026-04-14T17:18:05.772Z] send sid=26642805947505 keys=["charid","corpid","genderID","bloodlineID","raceID","schoolID","factionid","stationid","stationid2","solarsystemid2","constellationid","regionid","shipid","locationid","corpAccountKey","role","corprole","rolesAtAll","rolesAtBase","rolesAtHQ","rolesAtOther"] payload=[["charid",[null,140000232]],["corpid",[null,1000046]],["genderID",[null,1]],["bloodlineID",[null,3]],["raceID",[null,2]],["schoolID",[null,16]],["factionid",[null,500002]],["stationid",[null,60015249]],["stationid2",[null,60015249]],["solarsystemid2",[null,30100032]],["constellationid",[null,20010001]],["regionid",[null,10001004]],["shipid",[null,2990006984]],["locationid",[null,60015249]],["corpAccountKey",[null,1000]],["role",[null,"7348784299939993600"]],["corprole",[null,"0"]],["rolesAtAll",[null,"0"]],["rolesAtBase",[null,"0"]],["rolesAtHQ",[null,"0"]],["rolesAtOther",[null,"0"]]]
[2026-04-14T17:18:28.819Z] send sid=26642805947505 keys=["stationid","stationid2","solarsystemid","locationid"] payload=[["stationid",[60015249,null]],["stationid2",[60015249,null]],["solarsystemid",[null,30100032]],["locationid",[60015249,30100032]]]
[2026-04-14T17:19:02.224Z] send sid=0 keys=["shipid"] payload=[["shipid",[2990006984,2990006988]]]
[2026-04-14T17:19:03.024Z] send sid=26642805947505 keys=["stationid","stationid2","solarsystemid","shipid","locationid"] payload=[["stationid",[null,60015249]],["stationid2",[null,60015249]],["solarsystemid",[30100032,null]],["shipid",[2990006988,2990006992]],["locationid",[30100032,60015249]]]
[2026-04-14T17:26:29.428Z] drop key=hqID old=0 new=60015249
[2026-04-14T17:26:29.429Z] drop key=baseID old=0 new=60015249
[2026-04-14T17:26:29.429Z] send sid=26642813768535 keys=["charid","corpid","genderID","bloodlineID","raceID","schoolID","factionid","stationid","stationid2","solarsystemid2","constellationid","regionid","shipid","locationid","corpAccountKey","role","corprole","rolesAtAll","rolesAtBase","rolesAtHQ","rolesAtOther"] payload=[["charid",[null,140000232]],["corpid",[null,1000046]],["genderID",[null,1]],["bloodlineID",[null,3]],["raceID",[null,2]],["schoolID",[null,16]],["factionid",[null,500002]],["stationid",[null,60015249]],["stationid2",[null,60015249]],["solarsystemid2",[null,30100032]],["constellationid",[null,20010001]],["regionid",[null,10001004]],["shipid",[null,2990006992]],["locationid",[null,60015249]],["corpAccountKey",[null,1000]],["role",[null,"7348784299939993600"]],["corprole",[null,"0"]],["rolesAtAll",[null,"0"]],["rolesAtBase",[null,"0"]],["rolesAtHQ",[null,"0"]],["rolesAtOther",[null,"0"]]]
[2026-04-14T17:44:38.978Z] send sid=26642813768535 keys=["stationid","stationid2","solarsystemid","solarsystemid2","constellationid","regionid","locationid"] payload=[["stationid",[60015249,null]],["stationid2",[60015249,null]],["solarsystemid",[null,30000142]],["solarsystemid2",[30100032,30000142]],["constellationid",[20010001,20000020]],["regionid",[10001004,10000002]],["locationid",[60015249,30000142]]]
[2026-04-14T17:51:25.419Z] drop key=hqID old=0 new=null
[2026-04-14T17:51:25.420Z] drop key=baseID old=0 new=null
[2026-04-14T17:51:25.420Z] send sid=26642834070780 keys=["charid","corpid","genderID","bloodlineID","raceID","schoolID","factionid","stationid","stationid2","solarsystemid2","constellationid","regionid","shipid","locationid","corpAccountKey","role","corprole","rolesAtAll","rolesAtBase","rolesAtHQ","rolesAtOther"] payload=[["charid",[null,140000237]],["corpid",[null,1000046]],["genderID",[null,1]],["bloodlineID",[null,3]],["raceID",[null,2]],["schoolID",[null,15]],["factionid",[null,500002]],["stationid",[null,60015249]],["stationid2",[null,60015249]],["solarsystemid2",[null,30100032]],["constellationid",[null,20010001]],["regionid",[null,10001004]],["shipid",[null,2990007113]],["locationid",[null,60015249]],["corpAccountKey",[null,1000]],["role",[null,"7348784299939993600"]],["corprole",[null,"0"]],["rolesAtAll",[null,"0"]],["rolesAtBase",[null,"0"]],["rolesAtHQ",[null,"0"]],["rolesAtOther",[null,"0"]]]
[2026-04-14T18:12:40.253Z] drop key=hqID old=0 new=60015249
[2026-04-14T18:12:40.254Z] drop key=baseID old=0 new=60015249
[2026-04-14T18:12:40.255Z] send sid=26642855307555 keys=["charid","corpid","genderID","bloodlineID","raceID","schoolID","factionid","stationid","stationid2","solarsystemid2","constellationid","regionid","shipid","locationid","corpAccountKey","role","corprole","rolesAtAll","rolesAtBase","rolesAtHQ","rolesAtOther"] payload=[["charid",[null,140000237]],["corpid",[null,1000046]],["genderID",[null,1]],["bloodlineID",[null,3]],["raceID",[null,2]],["schoolID",[null,15]],["factionid",[null,500002]],["stationid",[null,60015249]],["stationid2",[null,60015249]],["solarsystemid2",[null,30100032]],["constellationid",[null,20010001]],["regionid",[null,10001004]],["shipid",[null,2990007113]],["locationid",[null,60015249]],["corpAccountKey",[null,1000]],["role",[null,"7348784299939993600"]],["corprole",[null,"0"]],["rolesAtAll",[null,"0"]],["rolesAtBase",[null,"0"]],["rolesAtHQ",[null,"0"]],["rolesAtOther",[null,"0"]]]
[2026-04-24T03:12:25.878Z] drop key=hqID old=0 new=60003760
[2026-04-24T03:12:25.878Z] drop key=baseID old=0 new=60003760
[2026-04-24T03:12:25.879Z] send sid=26655003915970 keys=["charid","corpid","genderID","bloodlineID","raceID","schoolID","factionid","solarsystemid","solarsystemid2","constellationid","regionid","shipid","locationid","corpAccountKey","role","corprole","rolesAtAll","rolesAtBase","rolesAtHQ","rolesAtOther"] payload=[["charid",[null,140000005]],["corpid",[null,1000006]],["genderID",[null,1]],["bloodlineID",[null,1]],["raceID",[null,1]],["schoolID",[null,11]],["factionid",[null,500001]],["solarsystemid",[null,31000864]],["solarsystemid2",[null,31000864]],["constellationid",[null,21000070]],["regionid",[null,11000008]],["shipid",[null,2990000976]],["locationid",[null,31000864]],["corpAccountKey",[null,1000]],["role",[null,"7348784299939993600"]],["corprole",[null,"0"]],["rolesAtAll",[null,"0"]],["rolesAtBase",[null,"0"]],["rolesAtHQ",[null,"0"]],["rolesAtOther",[null,"0"]]]
[2026-04-24T03:35:17.954Z] drop key=hqID old=0 new=60003760
[2026-04-24T03:35:17.954Z] drop key=baseID old=0 new=60003760
[2026-04-24T03:35:17.955Z] send sid=26655025588780 keys=["charid","corpid","genderID","bloodlineID","raceID","schoolID","factionid","solarsystemid","solarsystemid2","constellationid","regionid","shipid","locationid","corpAccountKey","role","corprole","rolesAtAll","rolesAtBase","rolesAtHQ","rolesAtOther"] payload=[["charid",[null,140000005]],["corpid",[null,1000006]],["genderID",[null,1]],["bloodlineID",[null,1]],["raceID",[null,1]],["schoolID",[null,11]],["factionid",[null,500001]],["solarsystemid",[null,31000864]],["solarsystemid2",[null,31000864]],["constellationid",[null,21000070]],["regionid",[null,11000008]],["shipid",[null,2990000976]],["locationid",[null,31000864]],["corpAccountKey",[null,1000]],["role",[null,"7348784299939993600"]],["corprole",[null,"0"]],["rolesAtAll",[null,"0"]],["rolesAtBase",[null,"0"]],["rolesAtHQ",[null,"0"]],["rolesAtOther",[null,"0"]]]
[2026-04-24T03:37:55.774Z] send sid=26655025588780 keys=["solarsystemid","solarsystemid2","constellationid","regionid","locationid"] payload=[["solarsystemid",[31000864,30002657]],["solarsystemid2",[31000864,30002657]],["constellationid",[21000070,20000389]],["regionid",[11000008,10000032]],["locationid",[31000864,30002657]]]
