[2026-04-14T16:42:21.034Z] CallReq method=SlashCmd callID=141 args=["<Buffer:/>"] kwargs={"type":"dict","entries":[["machoVersion",1]]} raw=[1,"<Buffer:SlashCmd>",["<Buffer:/>"],{"type":"dict","entries":[["machoVersion",1]]}]
[2026-04-14T16:42:21.035Z] SlashCmd user=10 char=140000227 command="/" args=["<Buffer:/>"] kwargs={"type":"dict","entries":[["machoVersion",1]]}
[2026-04-14T16:42:21.043Z] CallReq method=SlashCmd callID=142 args=[{"type":"wstring","value":"/drifter "}] kwargs={"type":"dict","entries":[["machoVersion",1]]} raw=[1,"<Buffer:SlashCmd>",[{"type":"wstring","value":"/drifter "}],{"type":"dict","entries":[["machoVersion",1]]}]
[2026-04-14T16:42:21.043Z] SlashCmd user=10 char=140000227 command="/drifter" args=[{"type":"wstring","value":"/drifter "}] kwargs={"type":"dict","entries":[["machoVersion",1]]}
[2026-04-14T16:55:45.299Z] CallReq method=SlashCmd callID=163 args=["<Buffer:/>"] kwargs={"type":"dict","entries":[["machoVersion",1]]} raw=[1,"<Buffer:SlashCmd>",["<Buffer:/>"],{"type":"dict","entries":[["machoVersion",1]]}]
[2026-04-14T16:55:45.300Z] SlashCmd user=10 char=140000228 command="/" args=["<Buffer:/>"] kwargs={"type":"dict","entries":[["machoVersion",1]]}
[2026-04-14T16:55:45.306Z] CallReq method=SlashCmd callID=164 args=[{"type":"wstring","value":"/drifter "}] kwargs={"type":"dict","entries":[["machoVersion",1]]} raw=[1,"<Buffer:SlashCmd>",[{"type":"wstring","value":"/drifter "}],{"type":"dict","entries":[["machoVersion",1]]}]
[2026-04-14T16:55:45.306Z] SlashCmd user=10 char=140000228 command="/drifter" args=[{"type":"wstring","value":"/drifter "}] kwargs={"type":"dict","entries":[["machoVersion",1]]}
[2026-04-14T17:05:31.367Z] CallReq method=SlashCmd callID=147 args=["<Buffer:/>"] kwargs={"type":"dict","entries":[["machoVersion",1]]} raw=[1,"<Buffer:SlashCmd>",["<Buffer:/>"],{"type":"dict","entries":[["machoVersion",1]]}]
[2026-04-14T17:05:31.368Z] SlashCmd user=10 char=140000228 command="/" args=["<Buffer:/>"] kwargs={"type":"dict","entries":[["machoVersion",1]]}
[2026-04-14T17:05:31.377Z] CallReq method=SlashCmd callID=148 args=[{"type":"wstring","value":"/drifter "}] kwargs={"type":"dict","entries":[["machoVersion",1]]} raw=[1,"<Buffer:SlashCmd>",[{"type":"wstring","value":"/drifter "}],{"type":"dict","entries":[["machoVersion",1]]}]
[2026-04-14T17:05:31.377Z] SlashCmd user=10 char=140000228 command="/drifter" args=[{"type":"wstring","value":"/drifter "}] kwargs={"type":"dict","entries":[["machoVersion",1]]}
[2026-04-14T17:07:12.657Z] CallReq method=SlashCmd callID=318 args=[{"type":"wstring","value":"/drifter "}] kwargs={"type":"dict","entries":[["machoVersion",1]]} raw=[1,"<Buffer:SlashCmd>",[{"type":"wstring","value":"/drifter "}],{"type":"dict","entries":[["machoVersion",1]]}]
[2026-04-14T17:07:12.658Z] SlashCmd user=10 char=140000227 command="/drifter" args=[{"type":"wstring","value":"/drifter "}] kwargs={"type":"dict","entries":[["machoVersion",1]]}
[2026-04-14T17:18:56.492Z] CallReq method=SlashCmd callID=154 args=["<Buffer:/>"] kwargs={"type":"dict","entries":[["machoVersion",1]]} raw=[1,"<Buffer:SlashCmd>",["<Buffer:/>"],{"type":"dict","entries":[["machoVersion",1]]}]
[2026-04-14T17:18:56.494Z] SlashCmd user=10 char=140000232 command="/" args=["<Buffer:/>"] kwargs={"type":"dict","entries":[["machoVersion",1]]}
[2026-04-14T17:18:56.500Z] CallReq method=SlashCmd callID=155 args=[{"type":"wstring","value":"/drifter "}] kwargs={"type":"dict","entries":[["machoVersion",1]]} raw=[1,"<Buffer:SlashCmd>",[{"type":"wstring","value":"/drifter "}],{"type":"dict","entries":[["machoVersion",1]]}]
[2026-04-14T17:18:56.500Z] SlashCmd user=10 char=140000232 command="/drifter" args=[{"type":"wstring","value":"/drifter "}] kwargs={"type":"dict","entries":[["machoVersion",1]]}
[2026-04-14T17:44:38.570Z] CallReq method=SlashCmd callID=824 args=["<Buffer:/tr me 30000142>"] kwargs={"type":"dict","entries":[["machoVersion",1]]} raw=[1,"<Buffer:SlashCmd>",["<Buffer:/tr me 30000142>"],{"type":"dict","entries":[["machoVersion",1]]}]
[2026-04-14T17:44:38.571Z] SlashCmd user=10 char=140000232 command="/tr me 30000142" args=["<Buffer:/tr me 30000142>"] kwargs={"type":"dict","entries":[["machoVersion",1]]}
[2026-04-14T17:44:46.023Z] CallReq method=SlashCmd callID=858 args=["<Buffer:/stop>"] kwargs={"type":"dict","entries":[["machoVersion",1]]} raw=[1,"<Buffer:SlashCmd>",["<Buffer:/stop>"],{"type":"dict","entries":[["machoVersion",1]]}]
[2026-04-14T17:44:46.024Z] SlashCmd user=10 char=140000232 command="/stop" args=["<Buffer:/stop>"] kwargs={"type":"dict","entries":[["machoVersion",1]]}
[2026-04-14T17:44:46.046Z] CallReq method=SlashCmd callID=859 args=["<Buffer:/spawn 593>"] kwargs={"type":"dict","entries":[["machoVersion",1]]} raw=[1,"<Buffer:SlashCmd>",["<Buffer:/spawn 593>"],{"type":"dict","entries":[["machoVersion",1]]}]
[2026-04-14T17:44:46.046Z] SlashCmd user=10 char=140000232 command="/spawn 593" args=["<Buffer:/spawn 593>"] kwargs={"type":"dict","entries":[["machoVersion",1]]}
[2026-04-14T17:44:46.054Z] CallReq method=SlashCmd callID=860 args=["<Buffer:/fit Unknown command: /spawn. Use /help. Suggestions: /spawncontainer, /spawnwreck, /trigspawn 2528 flag=19>"] kwargs={"type":"dict","entries":[["machoVersion",1]]} raw=[1,"<Buffer:SlashCmd>",["<Buffer:/fit Unknown command: /spawn. Use /help. Suggestions: /spawncontainer, /spawnwreck, /trigspawn 2528 flag=19>"],{"type":"dict","entries":[["machoVersion",1]]}]
[2026-04-14T17:44:46.054Z] SlashCmd user=10 char=140000232 command="/fit Unknown command: /spawn. Use /help. Suggestions: /spawncontainer, /spawnwreck, /trigspawn 2528 flag=19" args=["<Buffer:/fit Unknown command: /spawn. Use /help. Suggestions: /spawncontainer, /spawnwreck, /trigspawn 2528 flag=19>"] kwargs={"type":"dict","entries":[["machoVersion",1]]}
[2026-04-14T17:44:46.066Z] CallReq method=SlashCmd callID=861 args=["<Buffer:/fit Unknown command: /spawn. Use /help. Suggestions: /spawncontainer, /spawnwreck, /trigspawn 20197 flag=20>"] kwargs={"type":"dict","entries":[["machoVersion",1]]} raw=[1,"<Buffer:SlashCmd>",["<Buffer:/fit Unknown command: /spawn. Use /help. Suggestions: /spawncontainer, /spawnwreck, /trigspawn 20197 flag=20>"],{"type":"dict","entries":[["machoVersion",1]]}]
[2026-04-14T17:44:46.067Z] SlashCmd user=10 char=140000232 command="/fit Unknown command: /spawn. Use /help. Suggestions: /spawncontainer, /spawnwreck, /trigspawn 20197 flag=20" args=["<Buffer:/fit Unknown command: /spawn. Use /help. Suggestions: /spawncontainer, /spawnwreck, /trigspawn 20197 flag=20>"] kwargs={"type":"dict","entries":[["machoVersion",1]]}
[2026-04-14T17:44:56.124Z] CallReq method=SlashCmd callID=864 args=["<Buffer:/online me>"] kwargs={"type":"dict","entries":[["machoVersion",1]]} raw=[1,"<Buffer:SlashCmd>",["<Buffer:/online me>"],{"type":"dict","entries":[["machoVersion",1]]}]
[2026-04-14T17:44:56.125Z] SlashCmd user=10 char=140000232 command="/online me" args=["<Buffer:/online me>"] kwargs={"type":"dict","entries":[["machoVersion",1]]}
[2026-04-14T17:45:01.240Z] CallReq method=SlashCmd callID=865 args=["<Buffer:/tr me 30000142>"] kwargs={"type":"dict","entries":[["machoVersion",1]]} raw=[1,"<Buffer:SlashCmd>",["<Buffer:/tr me 30000142>"],{"type":"dict","entries":[["machoVersion",1]]}]
[2026-04-14T17:45:01.240Z] SlashCmd user=10 char=140000232 command="/tr me 30000142" args=["<Buffer:/tr me 30000142>"] kwargs={"type":"dict","entries":[["machoVersion",1]]}
[2026-04-14T17:45:08.683Z] CallReq method=SlashCmd callID=866 args=["<Buffer:/stop>"] kwargs={"type":"dict","entries":[["machoVersion",1]]} raw=[1,"<Buffer:SlashCmd>",["<Buffer:/stop>"],{"type":"dict","entries":[["machoVersion",1]]}]
[2026-04-14T17:45:08.684Z] SlashCmd user=10 char=140000232 command="/stop" args=["<Buffer:/stop>"] kwargs={"type":"dict","entries":[["machoVersion",1]]}
[2026-04-14T17:45:08.691Z] CallReq method=SlashCmd callID=867 args=["<Buffer:/tr me 30000142>"] kwargs={"type":"dict","entries":[["machoVersion",1]]} raw=[1,"<Buffer:SlashCmd>",["<Buffer:/tr me 30000142>"],{"type":"dict","entries":[["machoVersion",1]]}]
[2026-04-14T17:45:08.691Z] SlashCmd user=10 char=140000232 command="/tr me 30000142" args=["<Buffer:/tr me 30000142>"] kwargs={"type":"dict","entries":[["machoVersion",1]]}
[2026-04-14T17:47:02.382Z] CallReq method=SlashCmd callID=893 args=["<Buffer:/>"] kwargs={"type":"dict","entries":[["machoVersion",1]]} raw=[1,"<Buffer:SlashCmd>",["<Buffer:/>"],{"type":"dict","entries":[["machoVersion",1]]}]
[2026-04-14T17:47:02.383Z] SlashCmd user=10 char=140000232 command="/" args=["<Buffer:/>"] kwargs={"type":"dict","entries":[["machoVersion",1]]}
[2026-04-14T17:47:02.392Z] CallReq method=SlashCmd callID=894 args=["<Buffer:/dailygoals regen>"] kwargs={"type":"dict","entries":[["machoVersion",1]]} raw=[1,"<Buffer:SlashCmd>",["<Buffer:/dailygoals regen>"],{"type":"dict","entries":[["machoVersion",1]]}]
[2026-04-14T17:47:02.393Z] SlashCmd user=10 char=140000232 command="/dailygoals regen" args=["<Buffer:/dailygoals regen>"] kwargs={"type":"dict","entries":[["machoVersion",1]]}
