[2026-03-10T23:05:12.717Z] CallReq service=home_station rawService=home_station method=get_home_station callID=64 currentBound=null args=[] kwargs={"type":"dict","entries":[["machoVersion",1]]}
[2026-03-10T23:05:12.761Z] CallRsp service=home_station method=get_home_station callID=64 result={"type":"object","name":"util.KeyVal","args":{"type":"dict","entries":[["id",60003760],["station_id",60003760],["stationID",60003760],["home_station_id",60003760],["type_id",1529],["typeID",1529],["station_type_id",1529],["name","Jita IV - Moon 4 - Caldari Navy Assembly Plant"],["station_name","Jita IV - Moon 4 - Caldari Navy Assembly Plant"],["stationName","Jita IV - Moon 4 - Caldari Navy Assembly Plant"],["solar_system_id",30000142],["solarSystemID",30000142],["constellation_id",20000020],["constellationID",20000020],["region_id",10000002],["regionID",10000002],["owner_id",1000035],["ownerID",1000035],["clone_station_id",60003760],["cloneStationID",60003760],["is_fallback",false],["isFallback",false],["stationTypeID",1529]]}}
[2026-03-10T23:05:15.707Z] CallReq service=beyonce rawService=beyonce method=GetFormations callID=91 currentBound=null args=[] kwargs={"type":"dict","entries":[["machoVersion",1]]}
[2026-03-10T23:05:15.710Z] CallRsp service=beyonce method=GetFormations callID=91 result=[["Diamond",[[100,0,0],[0,100,0],[-100,0,0],[0,-100,0]]],["Arrow",[[100,0,-50],[50,0,0],[-100,0,-50],[-50,0,0]]]]
[2026-03-10T23:05:15.717Z] CallReq service=beyonce rawService=beyonce method=MachoResolveObject callID=92 currentBound=null args=[30000142] kwargs={"type":"dict","entries":[["machoVersion",1]]}
[2026-03-10T23:05:15.719Z] CallRsp service=beyonce method=MachoResolveObject callID=92 result=65450
[2026-03-10T23:05:16.080Z] CallReq service=beyonce rawService=beyonce method=MachoBindObject callID=94 currentBound=null args=[30000142,null] kwargs={"type":"dict","entries":[["machoVersion",1]]}
[2026-03-10T23:05:16.084Z] CallRsp service=beyonce method=MachoBindObject callID=94 result=[{"type":"substruct","value":{"type":"substream","value":["N=65450:11","134176575160820000"]}},null]
[2026-03-10T23:05:52.069Z] CallReq service=beyonce rawService=N=65450:11 method=CmdGotoDirection callID=135 currentBound=null args=[-0.2878720164299011,0.12753234803676605,0.9491391777992249] kwargs={"type":"dict","entries":[["machoVersion",1]]}
[2026-03-10T23:05:52.091Z] CallRsp service=beyonce method=CmdGotoDirection callID=135 result=null
[2026-03-10T23:06:04.501Z] CallReq service=beyonce rawService=N=65450:11 method=CmdFollowBall callID=138 currentBound=null args=[60003760,50] kwargs={"type":"dict","entries":[["machoVersion",1]]}
[2026-03-10T23:06:04.524Z] CallRsp service=beyonce method=CmdFollowBall callID=138 result=null
[2026-03-10T23:07:17.428Z] CallReq service=beyonce rawService=N=65450:11 method=CmdGotoDirection callID=143 currentBound=null args=[-0.05176398158073425,-0.09770451486110687,0.9938684105873108] kwargs={"type":"dict","entries":[["machoVersion",1]]}
[2026-03-10T23:07:17.444Z] CallRsp service=beyonce method=CmdGotoDirection callID=143 result=null
[2026-03-10T23:07:17.827Z] CallReq service=beyonce rawService=N=65450:11 method=CmdGotoDirection callID=144 currentBound=null args=[-0.05241256207227707,-0.09706030040979385,0.9938974976539612] kwargs={"type":"dict","entries":[["machoVersion",1]]}
[2026-03-10T23:07:17.842Z] CallRsp service=beyonce method=CmdGotoDirection callID=144 result=null
[2026-03-10T23:07:18.258Z] CallReq service=beyonce rawService=N=65450:11 method=CmdGotoDirection callID=145 currentBound=null args=[-0.05241256207227707,-0.09706030040979385,0.9938974976539612] kwargs={"type":"dict","entries":[["machoVersion",1]]}
[2026-03-10T23:07:18.273Z] CallRsp service=beyonce method=CmdGotoDirection callID=145 result=null
[2026-03-10T23:07:35.389Z] CallReq service=ship rawService=ship method=MachoBindObject callID=148 currentBound=null args=[[30000142,5],["<Buffer:SafeLogoff>",[],{"type":"dict","entries":[]}]] kwargs={"type":"dict","entries":[["machoVersion",1]]}
[2026-03-10T23:07:35.396Z] CallRsp service=ship method=MachoBindObject callID=148 result=[{"type":"substruct","value":{"type":"substream","value":["N=65450:12","134176576553920000"]}},null]
[2026-03-10T23:10:59.178Z] CallReq service=home_station rawService=home_station method=get_home_station callID=73 currentBound=null args=[] kwargs={"type":"dict","entries":[["machoVersion",1]]}
[2026-03-10T23:10:59.234Z] CallRsp service=home_station method=get_home_station callID=73 result={"type":"object","name":"util.KeyVal","args":{"type":"dict","entries":[["id",60003760],["station_id",60003760],["stationID",60003760],["home_station_id",60003760],["type_id",1529],["typeID",1529],["station_type_id",1529],["name","Jita IV - Moon 4 - Caldari Navy Assembly Plant"],["station_name","Jita IV - Moon 4 - Caldari Navy Assembly Plant"],["stationName","Jita IV - Moon 4 - Caldari Navy Assembly Plant"],["solar_system_id",30000142],["solarSystemID",30000142],["constellation_id",20000020],["constellationID",20000020],["region_id",10000002],["regionID",10000002],["owner_id",1000035],["ownerID",1000035],["clone_station_id",60003760],["cloneStationID",60003760],["is_fallback",false],["isFallback",false],["stationTypeID",1529]]}}
[2026-03-10T23:11:01.817Z] CallReq service=beyonce rawService=beyonce method=GetFormations callID=96 currentBound=null args=[] kwargs={"type":"dict","entries":[["machoVersion",1]]}
[2026-03-10T23:11:01.819Z] CallRsp service=beyonce method=GetFormations callID=96 result=[["Diamond",[[100,0,0],[0,100,0],[-100,0,0],[0,-100,0]]],["Arrow",[[100,0,-50],[50,0,0],[-100,0,-50],[-50,0,0]]]]
[2026-03-10T23:11:01.827Z] CallReq service=beyonce rawService=beyonce method=MachoResolveObject callID=97 currentBound=null args=[30000142] kwargs={"type":"dict","entries":[["machoVersion",1]]}
[2026-03-10T23:11:01.829Z] CallRsp service=beyonce method=MachoResolveObject callID=97 result=65450
[2026-03-10T23:11:02.008Z] CallReq service=beyonce rawService=beyonce method=MachoBindObject callID=99 currentBound=null args=[30000142,null] kwargs={"type":"dict","entries":[["machoVersion",1]]}
[2026-03-10T23:11:02.011Z] CallRsp service=beyonce method=MachoBindObject callID=99 result=[{"type":"substruct","value":{"type":"substream","value":["N=65450:11","134176578620100000"]}},null]
[2026-03-10T23:11:20.236Z] CallReq service=beyonce rawService=N=65450:11 method=CmdDock callID=140 currentBound=null args=[60003760,140000102] kwargs={"type":"dict","entries":[["machoVersion",1]]}
[2026-03-10T23:11:20.291Z] CallRsp service=beyonce method=CmdDock callID=140 result="134176578802500000"
[2026-03-10T23:11:35.383Z] CallReq service=ship rawService=ship method=MachoBindObject callID=171 currentBound=null args=[[60003760,15],["<Buffer:GetDirtTimestamp>",[140000102],{"type":"dict","entries":[]}]] kwargs={"type":"dict","entries":[["machoVersion",1]]}
[2026-03-10T23:11:35.388Z] CallRsp service=ship method=MachoBindObject callID=171 result=[{"type":"substruct","value":{"type":"substream","value":["N=65450:22","134176578953850000"]}},"134176578953870000"]
[2026-03-10T23:11:39.403Z] CallReq service=ship rawService=ship method=MachoBindObject callID=176 currentBound=null args=[[60003760,15],["<Buffer:GetDirtTimestamp>",[140000102],{"type":"dict","entries":[]}]] kwargs={"type":"dict","entries":[["machoVersion",1]]}
[2026-03-10T23:11:39.408Z] CallRsp service=ship method=MachoBindObject callID=176 result=[{"type":"substruct","value":{"type":"substream","value":["N=65450:23","134176578994050000"]}},"134176578994060000"]
[2026-03-10T23:11:52.644Z] CallReq service=ship rawService=ship method=MachoBindObject callID=185 currentBound=null args=[[60003760,15],["<Buffer:Board>",[140000105,140000102],{"type":"dict","entries":[]}]] kwargs={"type":"dict","entries":[["machoVersion",1]]}
[2026-03-10T23:11:52.816Z] CallRsp service=ship method=MachoBindObject callID=185 result=[{"type":"substruct","value":{"type":"substream","value":["N=65450:24","134176579126460000"]}},[{"type":"dict","entries":[["<max-depth>","<max-depth>"],["<max-depth>","<max-depth>"]]},{"type":"dict","entries":[]},{"type":"dict","entries":[]},{"type":"dict","entries":[]}]]
[2026-03-10T23:11:53.817Z] CallReq service=ship rawService=ship method=MachoBindObject callID=195 currentBound=null args=[[60003760,15],["<Buffer:GetShipConfiguration>",[140000105],{"type":"dict","entries":[]}]] kwargs={"type":"dict","entries":[["machoVersion",1]]}
[2026-03-10T23:11:53.822Z] CallRsp service=ship method=MachoBindObject callID=195 result=[{"type":"substruct","value":{"type":"substream","value":["N=65450:27","134176579138190000"]}},{"type":"dict","entries":[["allowFleetSMBUsage",false],["SMB_AllowFleetAccess",false],["allowCorpSMBUsage",false],["SMB_AllowCorpAccess",false],["FleetHangar_AllowFleetAccess",false],["FleetHangar_AllowCorpAccess",false]]}]
[2026-03-10T23:11:56.552Z] CallReq service=ship rawService=ship method=MachoBindObject callID=197 currentBound=null args=[[60003760,15],["<Buffer:Board>",[140000106,140000105],{"type":"dict","entries":[]}]] kwargs={"type":"dict","entries":[["machoVersion",1]]}
[2026-03-10T23:11:56.724Z] CallRsp service=ship method=MachoBindObject callID=197 result=[{"type":"substruct","value":{"type":"substream","value":["N=65450:28","134176579165540000"]}},[{"type":"dict","entries":[["<max-depth>","<max-depth>"],["<max-depth>","<max-depth>"]]},{"type":"dict","entries":[]},{"type":"dict","entries":[]},{"type":"dict","entries":[]}]]
[2026-03-10T23:11:58.135Z] CallReq service=ship rawService=ship method=MachoBindObject callID=205 currentBound=null args=[[60003760,15],["<Buffer:GetDirtTimestamp>",[140000105],{"type":"dict","entries":[]}]] kwargs={"type":"dict","entries":[["machoVersion",1]]}
[2026-03-10T23:11:58.140Z] CallRsp service=ship method=MachoBindObject callID=205 result=[{"type":"substruct","value":{"type":"substream","value":["N=65450:31","134176579181370000"]}},"134176579181380000"]
[2026-03-10T23:12:01.006Z] CallReq service=ship rawService=ship method=MachoBindObject callID=212 currentBound=null args=[[60003760,15],["<Buffer:GetDirtTimestamp>",[140000106],{"type":"dict","entries":[]}]] kwargs={"type":"dict","entries":[["machoVersion",1]]}
[2026-03-10T23:12:01.013Z] CallRsp service=ship method=MachoBindObject callID=212 result=[{"type":"substruct","value":{"type":"substream","value":["N=65450:32","134176579210090000"]}},"134176579210110000"]
[2026-03-10T23:12:09.604Z] CallReq service=ship rawService=ship method=MachoBindObject callID=216 currentBound=null args=[[60003760,15],["<Buffer:Undock>",[140000106,false],{"type":"dict","entries":[["<max-depth>","<max-depth>"]]}]] kwargs={"type":"dict","entries":[["machoVersion",1]]}
[2026-03-10T23:12:09.939Z] CallRsp service=ship method=MachoBindObject callID=216 result=[{"type":"substruct","value":{"type":"substream","value":["N=65450:33","134176579296070000"]}},["N=65450:33","134176579299380000"]]
[2026-03-10T23:12:11.349Z] CallReq service=beyonce rawService=beyonce method=GetFormations callID=225 currentBound=null args=[] kwargs={"type":"dict","entries":[["machoVersion",1]]}
[2026-03-10T23:12:11.351Z] CallRsp service=beyonce method=GetFormations callID=225 result=[["Diamond",[[100,0,0],[0,100,0],[-100,0,0],[0,-100,0]]],["Arrow",[[100,0,-50],[50,0,0],[-100,0,-50],[-50,0,0]]]]
[2026-03-10T23:12:11.360Z] CallReq service=beyonce rawService=beyonce method=MachoBindObject callID=226 currentBound=null args=[30000142,null] kwargs={"type":"dict","entries":[["machoVersion",1]]}
[2026-03-10T23:12:11.362Z] CallRsp service=beyonce method=MachoBindObject callID=226 result=[{"type":"substruct","value":{"type":"substream","value":["N=65450:38","134176579313610000"]}},null]
[2026-03-10T23:12:23.962Z] CallReq service=beyonce rawService=N=65450:38 method=CmdGotoDirection callID=234 currentBound=null args=[-0.8689258694648743,0.16515958309173584,-0.4665727913379669] kwargs={"type":"dict","entries":[["machoVersion",1]]}
[2026-03-10T23:12:23.979Z] CallRsp service=beyonce method=CmdGotoDirection callID=234 result=null
[2026-03-10T23:12:25.894Z] CallReq service=beyonce rawService=N=65450:38 method=CmdGotoDirection callID=235 currentBound=null args=[-0.776231586933136,0.2702994644641876,-0.5695636868476868] kwargs={"type":"dict","entries":[["machoVersion",1]]}
[2026-03-10T23:12:25.955Z] CallRsp service=beyonce method=CmdGotoDirection callID=235 result=null
[2026-03-10T23:12:29.650Z] CallReq service=beyonce rawService=N=65450:38 method=CmdGotoDirection callID=236 currentBound=null args=[-0.9233647584915161,0.2762531638145447,-0.26661160588264465] kwargs={"type":"dict","entries":[["machoVersion",1]]}
[2026-03-10T23:12:29.667Z] CallRsp service=beyonce method=CmdGotoDirection callID=236 result=null
[2026-03-10T23:12:32.035Z] CallReq service=beyonce rawService=N=65450:38 method=CmdGotoDirection callID=237 currentBound=null args=[-0.7197213768959045,0.28137919306755066,-0.6346864700317383] kwargs={"type":"dict","entries":[["machoVersion",1]]}
[2026-03-10T23:12:32.051Z] CallRsp service=beyonce method=CmdGotoDirection callID=237 result=null
[2026-03-10T23:13:23.473Z] CallReq service=beyonce rawService=N=65450:38 method=CmdGotoDirection callID=242 currentBound=null args=[-0.40134909749031067,-0.12120914459228516,-0.9078695774078369] kwargs={"type":"dict","entries":[["machoVersion",1]]}
[2026-03-10T23:13:23.489Z] CallRsp service=beyonce method=CmdGotoDirection callID=242 result=null
[2026-03-10T23:13:26.462Z] CallReq service=beyonce rawService=N=65450:38 method=CmdOrbit callID=243 currentBound=null args=[60003760,1000] kwargs={"type":"dict","entries":[["machoVersion",1]]}
[2026-03-10T23:13:26.480Z] CallRsp service=beyonce method=CmdOrbit callID=243 result=null
[2026-03-10T23:13:43.579Z] CallReq service=beyonce rawService=N=65450:38 method=CmdOrbit callID=245 currentBound=null args=[60003760,30000] kwargs={"type":"dict","entries":[["machoVersion",1]]}
[2026-03-10T23:13:43.606Z] CallRsp service=beyonce method=CmdOrbit callID=245 result=null
[2026-03-10T23:14:15.569Z] CallReq service=ship rawService=ship method=MachoBindObject callID=254 currentBound=null args=[[30000142,5],["<Buffer:SafeLogoff>",[],{"type":"dict","entries":[]}]] kwargs={"type":"dict","entries":[["machoVersion",1]]}
[2026-03-10T23:14:15.576Z] CallRsp service=ship method=MachoBindObject callID=254 result=[{"type":"substruct","value":{"type":"substream","value":["N=65450:39","134176580555720000"]}},null]
[2026-03-10T23:15:10.697Z] CallReq service=beyonce rawService=N=65450:38 method=CmdGotoDirection callID=262 currentBound=null args=[-0.8545063734054565,0.053753290325403214,-0.5166521072387695] kwargs={"type":"dict","entries":[["machoVersion",1]]}
[2026-03-10T23:15:10.725Z] CallRsp service=beyonce method=CmdGotoDirection callID=262 result=null
[2026-03-10T23:15:23.628Z] CallReq service=beyonce rawService=N=65450:38 method=CmdGotoDirection callID=263 currentBound=null args=[-0.8395145535469055,0.10424262285232544,-0.5332436561584473] kwargs={"type":"dict","entries":[["machoVersion",1]]}
[2026-03-10T23:15:23.653Z] CallRsp service=beyonce method=CmdGotoDirection callID=263 result=null
[2026-03-10T23:15:26.713Z] CallReq service=beyonce rawService=N=65450:38 method=CmdGotoDirection callID=264 currentBound=null args=[-0.9253541827201843,-0.07791633903980255,-0.3710104525089264] kwargs={"type":"dict","entries":[["machoVersion",1]]}
[2026-03-10T23:15:26.747Z] CallRsp service=beyonce method=CmdGotoDirection callID=264 result=null
[2026-03-10T23:15:28.828Z] CallReq service=beyonce rawService=N=65450:38 method=CmdGotoDirection callID=265 currentBound=null args=[-0.907010018825531,0.08452782779932022,-0.41253840923309326] kwargs={"type":"dict","entries":[["machoVersion",1]]}
[2026-03-10T23:15:28.853Z] CallRsp service=beyonce method=CmdGotoDirection callID=265 result=null
[2026-03-10T23:18:25.127Z] CallReq service=home_station rawService=home_station method=get_home_station callID=66 currentBound=null args=[] kwargs={"type":"dict","entries":[["machoVersion",1]]}
[2026-03-10T23:18:25.185Z] CallRsp service=home_station method=get_home_station callID=66 result={"type":"object","name":"util.KeyVal","args":{"type":"dict","entries":[["id",60003760],["station_id",60003760],["stationID",60003760],["home_station_id",60003760],["type_id",1529],["typeID",1529],["station_type_id",1529],["name","Jita IV - Moon 4 - Caldari Navy Assembly Plant"],["station_name","Jita IV - Moon 4 - Caldari Navy Assembly Plant"],["stationName","Jita IV - Moon 4 - Caldari Navy Assembly Plant"],["solar_system_id",30000142],["solarSystemID",30000142],["constellation_id",20000020],["constellationID",20000020],["region_id",10000002],["regionID",10000002],["owner_id",1000035],["ownerID",1000035],["clone_station_id",60003760],["cloneStationID",60003760],["is_fallback",false],["isFallback",false],["stationTypeID",1529]]}}
[2026-03-10T23:18:27.670Z] CallReq service=beyonce rawService=beyonce method=GetFormations callID=90 currentBound=null args=[] kwargs={"type":"dict","entries":[["machoVersion",1]]}
[2026-03-10T23:18:27.672Z] CallRsp service=beyonce method=GetFormations callID=90 result=[["Diamond",[[100,0,0],[0,100,0],[-100,0,0],[0,-100,0]]],["Arrow",[[100,0,-50],[50,0,0],[-100,0,-50],[-50,0,0]]]]
[2026-03-10T23:18:27.691Z] CallReq service=beyonce rawService=beyonce method=MachoResolveObject callID=93 currentBound=null args=[30000142] kwargs={"type":"dict","entries":[["machoVersion",1]]}
[2026-03-10T23:18:27.694Z] CallRsp service=beyonce method=MachoResolveObject callID=93 result=65450
[2026-03-10T23:18:27.943Z] CallReq service=beyonce rawService=beyonce method=MachoBindObject callID=97 currentBound=null args=[30000142,null] kwargs={"type":"dict","entries":[["machoVersion",1]]}
[2026-03-10T23:18:27.948Z] CallRsp service=beyonce method=MachoBindObject callID=97 result=[{"type":"substruct","value":{"type":"substream","value":["N=65450:11","134176583079450000"]}},null]
[2026-03-10T23:18:55.747Z] CallReq service=ship rawService=ship method=MachoBindObject callID=136 currentBound=null args=[[30000142,5],["<Buffer:SafeLogoff>",[],{"type":"dict","entries":[]}]] kwargs={"type":"dict","entries":[["machoVersion",1]]}
[2026-03-10T23:18:55.805Z] CallRsp service=ship method=MachoBindObject callID=136 result=[{"type":"substruct","value":{"type":"substream","value":["N=65450:12","134176583357500000"]}},null]
